2025-03-09 08:29:56 - Adding job tentatively -- it will be properly scheduled when the scheduler starts
2025-03-09 08:29:56 - Added job "save_log_file" to job store "default"
2025-03-09 08:29:56 - Scheduler started
2025-03-09 08:30:00 - Adding job tentatively -- it will be properly scheduled when the scheduler starts
2025-03-09 08:30:00 - Added job "save_log_file" to job store "default"
2025-03-09 08:30:00 - Scheduler started
2025-03-09 08:31:55 - Adding job tentatively -- it will be properly scheduled when the scheduler starts
2025-03-09 08:31:55 - Added job "save_log_file" to job store "default"
2025-03-09 08:31:55 - Scheduler started
2025-03-09 08:31:59 - Adding job tentatively -- it will be properly scheduled when the scheduler starts
2025-03-09 08:31:59 - Added job "save_log_file" to job store "default"
2025-03-09 08:31:59 - Scheduler started
2025-03-09 08:31:59 - Checked loan status for Thomas Hegde - Result: Rejected
2025-03-09 08:34:37 - Adding job tentatively -- it will be properly scheduled when the scheduler starts
2025-03-09 08:34:37 - Added job "save_log_file" to job store "default"
2025-03-09 08:34:37 - Scheduler started
2025-03-09 08:34:40 - Adding job tentatively -- it will be properly scheduled when the scheduler starts
2025-03-09 08:34:40 - Added job "save_log_file" to job store "default"
2025-03-09 08:34:40 - Scheduler started
2025-03-09 08:37:02 - Adding job tentatively -- it will be properly scheduled when the scheduler starts
2025-03-09 08:37:02 - Added job "save_log_file" to job store "default"
2025-03-09 08:37:02 - Scheduler started
2025-03-09 08:37:05 - Adding job tentatively -- it will be properly scheduled when the scheduler starts
2025-03-09 08:37:05 - Added job "save_log_file" to job store "default"
2025-03-09 08:37:05 - Scheduler started
2025-03-09 08:37:24 - Adding job tentatively -- it will be properly scheduled when the scheduler starts
2025-03-09 08:37:24 - Added job "save_log_file" to job store "default"
2025-03-09 08:37:24 - Scheduler started
2025-03-09 08:38:32 - Adding job tentatively -- it will be properly scheduled when the scheduler starts
2025-03-09 08:38:32 - Added job "save_log_file" to job store "default"
2025-03-09 08:38:32 - Scheduler started
2025-03-09 08:38:38 - Adding job tentatively -- it will be properly scheduled when the scheduler starts
2025-03-09 08:38:38 - Added job "save_log_file" to job store "default"
2025-03-09 08:38:38 - Scheduler started
2025-03-10 06:28:58 - Adding job tentatively -- it will be properly scheduled when the scheduler starts
2025-03-10 06:28:58 - Added job "save_log_file" to job store "default"
2025-03-10 06:28:58 - Scheduler started
2025-03-10 06:32:54 - Adding job tentatively -- it will be properly scheduled when the scheduler starts
2025-03-10 06:32:54 - Added job "save_log_file" to job store "default"
2025-03-10 06:32:54 - Scheduler started
2025-03-10 07:10:08 - Adding job tentatively -- it will be properly scheduled when the scheduler starts
2025-03-10 07:10:08 - Added job "save_log_file" to job store "default"
2025-03-10 07:10:08 - Scheduler started
2025-03-10 07:10:11 - Adding job tentatively -- it will be properly scheduled when the scheduler starts
2025-03-10 07:10:11 - Added job "save_log_file" to job store "default"
2025-03-10 07:10:11 - Scheduler started
2025-03-10 07:10:11 - Checked loan status for Thomas Hegde - Result: Rejected
2025-03-10 07:19:59 - Adding job tentatively -- it will be properly scheduled when the scheduler starts
2025-03-10 07:19:59 - Added job "save_log_file" to job store "default"
2025-03-10 07:19:59 - Scheduler started
2025-03-10 07:19:59 - Checked loan status for Dhruv Mann - Result: Approved
